<?xml version="1.0" encoding="UTF-8"?>
<testsuite name="hashing.IndexTest" time="0" tests="7" errors="0" skipped="0" failures="0">
  <properties>
[...]
</properties>
  <testcase name="testGetDepth" classname="hashing.IndexTest" time="0"/>
  <testcase name="testCollapse" classname="hashing.IndexTest" time="0"/>
  <testcase name="testFindIndex" classname="hashing.IndexTest" time="0"/>
  <testcase name="testDelete" classname="hashing.IndexTest" time="0"/>
  <testcase name="testStoreBucket" classname="hashing.IndexTest" time="0"/>
  <testcase name="testExpand" classname="hashing.IndexTest" time="0"/>
  <testcase name="testInsert" classname="hashing.IndexTest" time="0"/>
</testsuite>